TN:
SF:src\services\store.ts
FN:31,useDispatch
FNF:1
FNH:0
FNDA:0,useDispatch
DA:1,1
DA:2,1
DA:3,1
DA:4,1
DA:5,1
DA:6,1
DA:7,1
DA:8,1
DA:9,1
DA:10,1
DA:11,1
DA:12,1
DA:13,1
DA:14,1
DA:15,1
DA:16,1
DA:17,1
DA:18,1
DA:19,1
DA:20,1
DA:21,1
DA:22,1
DA:23,1
DA:24,1
DA:25,1
DA:26,1
DA:27,1
DA:28,1
DA:29,1
DA:30,1
DA:31,1
DA:32,1
DA:33,1
DA:34,1
LF:34
LH:34
BRF:0
BRH:0
end_of_record
TN:
SF:src\services\slices\constructorSlice.tsx
FN:24,reducer
FN:31,prepare
FN:40,moveUpIngredient
FN:46,moveDownIngredient
FN:52,removeIngredient
FN:56,removeIngredients
FNF:6
FNH:6
FNDA:6,reducer
FNDA:6,prepare
FNDA:1,moveUpIngredient
FNDA:1,moveDownIngredient
FNDA:2,removeIngredient
FNDA:1,removeIngredients
DA:1,1
DA:2,1
DA:3,1
DA:4,1
DA:5,1
DA:6,1
DA:7,1
DA:8,1
DA:9,1
DA:10,1
DA:11,1
DA:12,1
DA:13,1
DA:14,1
DA:15,1
DA:16,1
DA:17,1
DA:18,1
DA:19,1
DA:20,1
DA:21,1
DA:22,1
DA:23,1
DA:24,1
DA:25,6
DA:26,2
DA:27,6
DA:28,4
DA:29,4
DA:30,1
DA:31,1
DA:32,6
DA:33,6
DA:34,6
DA:35,6
DA:36,6
DA:37,6
DA:38,6
DA:39,1
DA:40,1
DA:41,1
DA:42,1
DA:43,1
DA:44,1
DA:45,1
DA:46,1
DA:47,1
DA:48,1
DA:49,1
DA:50,1
DA:51,1
DA:52,1
DA:53,2
DA:54,2
DA:55,1
DA:56,1
DA:57,1
DA:58,1
DA:59,1
DA:60,1
DA:61,1
DA:62,1
DA:63,1
DA:64,1
DA:65,1
DA:66,1
DA:67,1
DA:68,1
DA:69,1
DA:70,1
DA:71,1
LF:71
LH:71
BRDA:24,0,0,6
BRDA:25,1,0,2
BRDA:27,2,0,4
BRDA:31,3,0,6
BRDA:40,4,0,1
BRDA:46,5,0,1
BRDA:52,6,0,2
BRDA:54,7,0,3
BRDA:56,8,0,1
BRF:9
BRH:9
end_of_record
TN:
SF:src\services\slices\feedsSlice.tsx
FN:31,extraReducers
FNF:1
FNH:1
FNDA:5,extraReducers
DA:1,1
DA:2,1
DA:3,1
DA:4,1
DA:5,1
DA:6,1
DA:7,1
DA:8,1
DA:9,1
DA:10,1
DA:11,1
DA:12,1
DA:13,1
DA:14,1
DA:15,1
DA:16,1
DA:17,1
DA:18,1
DA:19,1
DA:20,1
DA:21,1
DA:22,1
DA:23,1
DA:24,1
DA:25,1
DA:26,1
DA:27,1
DA:28,1
DA:29,1
DA:30,1
DA:31,1
DA:32,5
DA:33,5
DA:34,2
DA:35,2
DA:36,5
DA:37,5
DA:38,1
DA:39,1
DA:40,5
DA:41,5
DA:42,1
DA:43,1
DA:44,1
DA:45,5
DA:46,5
DA:47,1
DA:48,1
DA:49,1
DA:50,1
DA:51,1
DA:52,1
DA:53,1
LF:53
LH:53
BRDA:31,0,0,5
BRDA:33,1,0,2
BRDA:37,2,0,1
BRDA:41,3,0,1
BRF:4
BRH:4
end_of_record
TN:
SF:src\services\slices\ingredientsSlice.tsx
FN:30,extraReducers
FNF:1
FNH:1
FNDA:5,extraReducers
DA:1,1
DA:2,1
DA:3,1
DA:4,1
DA:5,1
DA:6,1
DA:7,1
DA:8,1
DA:9,1
DA:10,1
DA:11,1
DA:12,1
DA:13,1
DA:14,1
DA:15,1
DA:16,1
DA:17,1
DA:18,1
DA:19,1
DA:20,1
DA:21,1
DA:22,1
DA:23,1
DA:24,1
DA:25,1
DA:26,1
DA:27,1
DA:28,1
DA:29,1
DA:30,1
DA:31,5
DA:32,5
DA:33,2
DA:34,2
DA:35,5
DA:36,5
DA:37,1
DA:38,1
DA:39,5
DA:40,5
DA:41,1
DA:42,1
DA:43,5
DA:44,5
DA:45,1
DA:46,1
DA:47,1
DA:48,1
DA:49,1
DA:50,1
DA:51,1
LF:51
LH:51
BRDA:30,0,0,5
BRDA:32,1,0,2
BRDA:36,2,0,1
BRDA:40,3,0,1
BRF:4
BRH:4
end_of_record
TN:
SF:src\services\slices\orderSlice.tsx
FN:45,clearOrder
FN:50,extraReducers
FNF:2
FNH:1
FNDA:0,clearOrder
FNDA:5,extraReducers
DA:1,1
DA:2,1
DA:3,1
DA:4,1
DA:5,1
DA:6,1
DA:7,1
DA:8,1
DA:9,1
DA:10,1
DA:11,1
DA:12,1
DA:13,1
DA:14,1
DA:15,1
DA:16,1
DA:17,1
DA:18,1
DA:19,1
DA:20,1
DA:21,1
DA:22,1
DA:23,1
DA:24,1
DA:25,1
DA:26,1
DA:27,1
DA:28,1
DA:29,1
DA:30,1
DA:31,1
DA:32,1
DA:33,1
DA:34,1
DA:35,1
DA:36,1
DA:37,1
DA:38,1
DA:39,1
DA:40,1
DA:41,1
DA:42,1
DA:43,1
DA:44,1
DA:45,1
DA:46,0
DA:47,0
DA:48,0
DA:49,1
DA:50,1
DA:51,5
DA:52,5
DA:53,1
DA:54,1
DA:55,5
DA:56,5
DA:57,0
DA:58,0
DA:59,5
DA:60,5
DA:61,1
DA:62,1
DA:63,5
DA:64,5
DA:65,1
DA:66,1
DA:67,5
DA:68,5
DA:69,0
DA:70,0
DA:71,5
DA:72,5
DA:73,1
DA:74,1
DA:75,1
DA:76,1
DA:77,5
DA:78,5
DA:79,1
DA:80,1
DA:81,5
DA:82,5
DA:83,0
DA:84,0
DA:85,5
DA:86,5
DA:87,1
DA:88,1
DA:89,5
DA:90,5
DA:91,1
DA:92,1
DA:93,1
DA:94,1
DA:95,1
DA:96,1
DA:97,1
LF:97
LH:88
BRDA:33,0,0,1
BRDA:33,1,0,1
BRDA:34,2,0,1
BRDA:50,3,0,5
BRDA:52,4,0,1
BRDA:60,5,0,1
BRDA:64,6,0,1
BRDA:72,7,0,1
BRDA:78,8,0,1
BRDA:86,9,0,1
BRF:10
BRH:10
end_of_record
TN:
SF:src\services\slices\userSlice.tsx
FN:74,extraReducers
FNF:1
FNH:1
FNDA:5,extraReducers
DA:1,1
DA:2,1
DA:3,1
DA:4,1
DA:5,1
DA:6,1
DA:7,1
DA:8,1
DA:9,1
DA:10,1
DA:11,1
DA:12,1
DA:13,1
DA:14,1
DA:15,1
DA:16,1
DA:17,1
DA:18,1
DA:19,1
DA:20,1
DA:21,1
DA:22,1
DA:23,1
DA:24,1
DA:25,1
DA:26,1
DA:27,1
DA:28,1
DA:29,1
DA:30,1
DA:31,1
DA:32,1
DA:33,1
DA:34,1
DA:35,1
DA:36,1
DA:37,2
DA:38,2
DA:39,2
DA:40,2
DA:41,2
DA:42,1
DA:43,1
DA:44,1
DA:45,1
DA:46,1
DA:47,2
DA:48,2
DA:49,2
DA:50,2
DA:51,2
DA:52,1
DA:53,1
DA:54,1
DA:55,1
DA:56,1
DA:57,1
DA:58,1
DA:59,1
DA:60,1
DA:61,1
DA:62,1
DA:63,0
DA:64,0
DA:65,0
DA:66,1
DA:67,1
DA:68,1
DA:69,1
DA:70,1
DA:71,1
DA:72,1
DA:73,1
DA:74,1
DA:75,5
DA:76,5
DA:77,2
DA:78,5
DA:79,5
DA:80,1
DA:81,1
DA:82,1
DA:83,5
DA:84,5
DA:85,1
DA:86,1
DA:87,1
DA:88,5
DA:89,5
DA:90,2
DA:91,5
DA:92,5
DA:93,1
DA:94,1
DA:95,1
DA:96,5
DA:97,5
DA:98,1
DA:99,1
DA:100,1
DA:101,5
DA:102,5
DA:103,1
DA:104,5
DA:105,5
DA:106,1
DA:107,1
DA:108,5
DA:109,5
DA:110,0
DA:111,0
DA:112,0
DA:113,5
DA:114,5
DA:115,1
DA:116,5
DA:117,5
DA:118,1
DA:119,1
DA:120,5
DA:121,5
DA:122,5
DA:123,5
DA:124,1
DA:125,1
DA:126,1
DA:127,1
DA:128,1
DA:129,1
DA:130,1
DA:131,1
DA:132,5
DA:133,5
DA:134,2
DA:135,5
DA:136,5
DA:137,1
DA:138,1
DA:139,1
DA:140,5
DA:141,5
DA:142,1
DA:143,1
DA:144,1
DA:145,5
DA:146,5
DA:147,1
DA:148,1
DA:149,1
DA:150,1
DA:151,1
DA:152,1
DA:153,1
LF:153
LH:147
BRDA:36,0,0,2
BRDA:36,1,0,2
BRDA:37,2,0,2
BRDA:46,3,0,2
BRDA:46,4,0,2
BRDA:47,5,0,2
BRDA:54,6,0,1
BRDA:54,7,0,1
BRDA:55,8,0,1
BRDA:74,9,0,5
BRDA:76,10,0,2
BRDA:79,11,0,1
BRDA:84,12,0,1
BRDA:89,13,0,2
BRDA:92,14,0,1
BRDA:97,15,0,1
BRDA:102,16,0,1
BRDA:105,17,0,1
BRDA:114,18,0,1
BRDA:117,19,0,1
BRDA:123,20,0,1
BRDA:133,21,0,2
BRDA:136,22,0,1
BRDA:141,23,0,1
BRF:24
BRH:24
end_of_record
TN:
SF:src\utils\burger-api.ts
FN:6,checkResponse
FN:18,refreshToken
FN:38,fetchWithRefresh
FN:74,getIngredientsApi
FN:82,getFeedsApi
FN:90,getOrdersApi
FN:107,orderBurgerApi
FN:126,getOrderByNumberApi
FN:146,registerUserApi
FN:165,loginUserApi
FN:179,forgotPasswordApi
FN:193,resetPasswordApi
FN:209,getUserApi
FN:216,updateUserApi
FN:226,logoutApi
FNF:15
FNH:11
FNDA:14,checkResponse
FNDA:0,refreshToken
FNDA:4,fetchWithRefresh
FNDA:2,getIngredientsApi
FNDA:2,getFeedsApi
FNDA:1,getOrdersApi
FNDA:1,orderBurgerApi
FNDA:1,getOrderByNumberApi
FNDA:2,registerUserApi
FNDA:2,loginUserApi
FNDA:0,forgotPasswordApi
FNDA:0,resetPasswordApi
FNDA:2,getUserApi
FNDA:0,updateUserApi
FNDA:1,logoutApi
DA:1,1
DA:2,1
DA:3,1
DA:4,1
DA:5,1
DA:6,1
DA:7,14
DA:8,1
DA:9,1
DA:10,1
DA:11,1
DA:12,1
DA:13,1
DA:14,1
DA:15,1
DA:16,1
DA:17,1
DA:18,1
DA:19,0
DA:20,0
DA:21,0
DA:22,0
DA:23,0
DA:24,0
DA:25,0
DA:26,0
DA:27,0
DA:28,0
DA:29,0
DA:30,0
DA:31,0
DA:32,0
DA:33,0
DA:34,0
DA:35,0
DA:36,0
DA:37,1
DA:38,1
DA:39,4
DA:40,4
DA:41,4
DA:42,4
DA:43,4
DA:44,4
DA:45,4
DA:46,4
DA:47,0
DA:48,4
DA:49,4
DA:50,4
DA:51,4
DA:52,4
DA:53,4
DA:54,4
DA:55,4
DA:56,4
DA:57,4
DA:58,4
DA:59,1
DA:60,1
DA:61,1
DA:62,1
DA:63,1
DA:64,1
DA:65,1
DA:66,1
DA:67,1
DA:68,1
DA:69,1
DA:70,1
DA:71,1
DA:72,1
DA:73,1
DA:74,1
DA:75,2
DA:76,2
DA:77,2
DA:78,1
DA:79,0
DA:80,2
DA:81,1
DA:82,1
DA:83,2
DA:84,2
DA:85,2
DA:86,1
DA:87,0
DA:88,2
DA:89,1
DA:90,1
DA:91,1
DA:92,1
DA:93,1
DA:94,1
DA:95,1
DA:96,1
DA:97,1
DA:98,1
DA:99,0
DA:100,1
DA:101,1
DA:102,1
DA:103,1
DA:104,1
DA:105,1
DA:106,1
DA:107,1
DA:108,1
DA:109,1
DA:110,1
DA:111,1
DA:112,1
DA:113,1
DA:114,1
DA:115,1
DA:116,1
DA:117,1
DA:118,1
DA:119,0
DA:120,1
DA:121,1
DA:122,1
DA:123,1
DA:124,1
DA:125,1
DA:126,1
DA:127,1
DA:128,1
DA:129,1
DA:130,1
DA:131,1
DA:132,1
DA:133,1
DA:134,1
DA:135,1
DA:136,1
DA:137,1
DA:138,1
DA:139,1
DA:140,1
DA:141,1
DA:142,1
DA:143,1
DA:144,1
DA:145,1
DA:146,1
DA:147,2
DA:148,2
DA:149,2
DA:150,2
DA:151,2
DA:152,2
DA:153,2
DA:154,2
DA:155,2
DA:156,1
DA:157,0
DA:158,2
DA:159,1
DA:160,1
DA:161,1
DA:162,1
DA:163,1
DA:164,1
DA:165,1
DA:166,2
DA:167,2
DA:168,2
DA:169,2
DA:170,2
DA:171,2
DA:172,2
DA:173,2
DA:174,2
DA:175,1
DA:176,0
DA:177,2
DA:178,1
DA:179,1
DA:180,0
DA:181,0
DA:182,0
DA:183,0
DA:184,0
DA:185,0
DA:186,0
DA:187,0
DA:188,0
DA:189,0
DA:190,0
DA:191,0
DA:192,1
DA:193,1
DA:194,0
DA:195,0
DA:196,0
DA:197,0
DA:198,0
DA:199,0
DA:200,0
DA:201,0
DA:202,0
DA:203,0
DA:204,0
DA:205,0
DA:206,1
DA:207,1
DA:208,1
DA:209,1
DA:210,2
DA:211,2
DA:212,2
DA:213,2
DA:214,2
DA:215,1
DA:216,1
DA:217,0
DA:218,0
DA:219,0
DA:220,0
DA:221,0
DA:222,0
DA:223,0
DA:224,0
DA:225,1
DA:226,1
DA:227,1
DA:228,1
DA:229,1
DA:230,1
DA:231,1
DA:232,1
DA:233,1
DA:234,1
DA:235,1
LF:235
LH:178
BRDA:6,0,0,14
BRDA:7,1,0,9
BRDA:7,2,0,5
BRDA:7,3,0,5
BRDA:38,4,0,4
BRDA:41,5,0,4
BRDA:44,6,0,4
BRDA:46,7,0,0
BRDA:53,8,0,0
BRDA:55,9,0,1
BRDA:74,10,0,2
BRDA:76,11,0,2
BRDA:77,12,0,1
BRDA:78,13,0,0
BRDA:79,14,0,0
BRDA:82,15,0,2
BRDA:84,16,0,2
BRDA:85,17,0,1
BRDA:86,18,0,0
BRDA:87,19,0,0
BRDA:90,20,0,1
BRDA:97,21,0,1
BRDA:98,22,0,0
BRDA:99,23,0,0
BRDA:107,24,0,1
BRDA:117,25,0,1
BRDA:118,26,0,0
BRDA:119,27,0,0
BRDA:126,28,0,1
BRDA:132,29,0,1
BRDA:146,30,0,2
BRDA:154,31,0,2
BRDA:155,32,0,1
BRDA:156,33,0,0
BRDA:157,34,0,0
BRDA:165,35,0,2
BRDA:173,36,0,2
BRDA:174,37,0,1
BRDA:175,38,0,0
BRDA:176,39,0,0
BRDA:209,40,0,2
BRDA:226,41,0,1
BRDA:235,42,0,1
BRF:43
BRH:29
end_of_record
TN:
SF:src\utils\cookie.ts
FN:1,getCookie
FN:13,setCookie
FN:45,deleteCookie
FNF:3
FNH:0
FNDA:0,getCookie
FNDA:0,setCookie
FNDA:0,deleteCookie
DA:1,0
DA:2,0
DA:3,0
DA:4,0
DA:5,0
DA:6,0
DA:7,0
DA:8,0
DA:9,0
DA:10,0
DA:11,0
DA:12,1
DA:13,0
DA:14,0
DA:15,0
DA:16,0
DA:17,0
DA:18,0
DA:19,0
DA:20,0
DA:21,0
DA:22,0
DA:23,0
DA:24,0
DA:25,0
DA:26,0
DA:27,0
DA:28,0
DA:29,0
DA:30,0
DA:31,0
DA:32,0
DA:33,0
DA:34,0
DA:35,0
DA:36,0
DA:37,0
DA:38,0
DA:39,0
DA:40,0
DA:41,0
DA:42,0
DA:43,0
DA:44,1
DA:45,0
DA:46,0
DA:47,0
LF:47
LH:2
BRF:0
BRH:0
end_of_record
